# JRE version: Java(TM) SE Runtime Environment (8.0_144-b01) (build 1.8.0_144-b01)
# Java VM: Java HotSpot(TM) 64-Bit Server VM (25.144-b01 mixed mode windows-amd64 compressed oops)
Heap:
 PSYoungGen      total 76288K, used 37916K [0x00000000d5f00000, 0x00000000df400000, 0x0000000100000000)
  eden space 66560K, 56% used [0x00000000d5f00000,0x00000000d8407058,0x00000000da000000)
  from space 9728K, 0% used [0x00000000da000000,0x00000000da000000,0x00000000da980000)
  to   space 9728K, 0% used [0x00000000dea80000,0x00000000dea80000,0x00000000df400000)
 ParOldGen       total 55808K, used 10542K [0x0000000081c00000, 0x0000000085280000, 0x00000000d5f00000)
  object space 55808K, 18% used [0x0000000081c00000,0x000000008264bb00,0x0000000085280000)
 Metaspace       used 23655K, capacity 23916K, committed 24064K, reserved 1071104K
  class space    used 2940K, capacity 3010K, committed 3072K, reserved 1048576K
GC Heap History (10 events):
Event: 6.948 GC heap before
{Heap before GC invocations=4 (full 0):
 PSYoungGen      total 38400K, used 38372K [0x00000000d5f00000, 0x00000000d8980000, 0x0000000100000000)
  eden space 33280K, 100% used [0x00000000d5f00000,0x00000000d7f80000,0x00000000d7f80000)
  from space 5120K, 99% used [0x00000000d7f80000,0x00000000d84790e0,0x00000000d8480000)
  to   space 5120K, 0% used [0x00000000d8480000,0x00000000d8480000,0x00000000d8980000)
 ParOldGen       total 87552K, used 3861K [0x0000000081c00000, 0x0000000087180000, 0x00000000d5f00000)
  object space 87552K, 4% used [0x0000000081c00000,0x0000000081fc56f8,0x0000000087180000)
 Metaspace       used 16053K, capacity 16240K, committed 16384K, reserved 1062912K
  class space    used 1976K, capacity 2017K, committed 2048K, reserved 1048576K
Event: 6.981 GC heap after
Heap after GC invocations=4 (full 0):
 PSYoungGen      total 38400K, used 5109K [0x00000000d5f00000, 0x00000000daa00000, 0x0000000100000000)
  eden space 33280K, 0% used [0x00000000d5f00000,0x00000000d5f00000,0x00000000d7f80000)
  from space 5120K, 99% used [0x00000000d8480000,0x00000000d897d470,0x00000000d8980000)
  to   space 5120K, 0% used [0x00000000d7f80000,0x00000000d7f80000,0x00000000d8480000)
 ParOldGen       total 87552K, used 6403K [0x0000000081c00000, 0x0000000087180000, 0x00000000d5f00000)
  object space 87552K, 7% used [0x0000000081c00000,0x0000000082240cb0,0x0000000087180000)
 Metaspace       used 16053K, capacity 16240K, committed 16384K, reserved 1062912K
  class space    used 1976K, capacity 2017K, committed 2048K, reserved 1048576K
}
Event: 7.877 GC heap before
{Heap before GC invocations=5 (full 0):
 PSYoungGen      total 38400K, used 38389K [0x00000000d5f00000, 0x00000000daa00000, 0x0000000100000000)
  eden space 33280K, 100% used [0x00000000d5f00000,0x00000000d7f80000,0x00000000d7f80000)
  from space 5120K, 99% used [0x00000000d8480000,0x00000000d897d470,0x00000000d8980000)
  to   space 5120K, 0% used [0x00000000d7f80000,0x00000000d7f80000,0x00000000d8480000)
 ParOldGen       total 87552K, used 6403K [0x0000000081c00000, 0x0000000087180000, 0x00000000d5f00000)
  object space 87552K, 7% used [0x0000000081c00000,0x0000000082240cb0,0x0000000087180000)
 Metaspace       used 18094K, capacity 18282K, committed 18432K, reserved 1064960K
  class space    used 2225K, capacity 2295K, committed 2304K, reserved 1048576K
Event: 7.910 GC heap after
Heap after GC invocations=5 (full 0):
 PSYoungGen      total 38400K, used 5107K [0x00000000d5f00000, 0x00000000db400000, 0x0000000100000000)
  eden space 33280K, 0% used [0x00000000d5f00000,0x00000000d5f00000,0x00000000d7f80000)
  from space 5120K, 99% used [0x00000000d7f80000,0x00000000d847cc70,0x00000000d8480000)
  to   space 10240K, 0% used [0x00000000daa00000,0x00000000daa00000,0x00000000db400000)
 ParOldGen       total 87552K, used 8516K [0x0000000081c00000, 0x0000000087180000, 0x00000000d5f00000)
  object space 87552K, 9% used [0x0000000081c00000,0x0000000082451090,0x0000000087180000)
 Metaspace       used 18094K, capacity 18282K, committed 18432K, reserved 1064960K
  class space    used 2225K, capacity 2295K, committed 2304K, reserved 1048576K
}
Event: 8.627 GC heap before
{Heap before GC invocations=6 (full 0):
 PSYoungGen      total 38400K, used 38387K [0x00000000d5f00000, 0x00000000db400000, 0x0000000100000000)
  eden space 33280K, 100% used [0x00000000d5f00000,0x00000000d7f80000,0x00000000d7f80000)
  from space 5120K, 99% used [0x00000000d7f80000,0x00000000d847cc70,0x00000000d8480000)
  to   space 10240K, 0% used [0x00000000daa00000,0x00000000daa00000,0x00000000db400000)
 ParOldGen       total 87552K, used 8516K [0x0000000081c00000, 0x0000000087180000, 0x00000000d5f00000)
  object space 87552K, 9% used [0x0000000081c00000,0x0000000082451090,0x0000000087180000)
 Metaspace       used 19166K, capacity 19388K, committed 19584K, reserved 1067008K
  class space    used 2348K, capacity 2426K, committed 2432K, reserved 1048576K
Event: 8.655 GC heap after
Heap after GC invocations=6 (full 0):
 PSYoungGen      total 75776K, used 6710K [0x00000000d5f00000, 0x00000000db300000, 0x0000000100000000)
  eden space 66560K, 0% used [0x00000000d5f00000,0x00000000d5f00000,0x00000000da000000)
  from space 9216K, 72% used [0x00000000daa00000,0x00000000db08da70,0x00000000db300000)
  to   space 9728K, 0% used [0x00000000da000000,0x00000000da000000,0x00000000da980000)
 ParOldGen       total 87552K, used 8524K [0x0000000081c00000, 0x0000000087180000, 0x00000000d5f00000)
  object space 87552K, 9% used [0x0000000081c00000,0x0000000082453090,0x0000000087180000)
 Metaspace       used 19166K, capacity 19388K, committed 19584K, reserved 1067008K
  class space    used 2348K, capacity 2426K, committed 2432K, reserved 1048576K
}
Event: 9.799 GC heap before
{Heap before GC invocations=7 (full 0):
 PSYoungGen      total 75776K, used 46332K [0x00000000d5f00000, 0x00000000db300000, 0x0000000100000000)
  eden space 66560K, 59% used [0x00000000d5f00000,0x00000000d85b16f0,0x00000000da000000)
  from space 9216K, 72% used [0x00000000daa00000,0x00000000db08da70,0x00000000db300000)
  to   space 9728K, 0% used [0x00000000da000000,0x00000000da000000,0x00000000da980000)
 ParOldGen       total 87552K, used 8524K [0x0000000081c00000, 0x0000000087180000, 0x00000000d5f00000)
  object space 87552K, 9% used [0x0000000081c00000,0x0000000082453090,0x0000000087180000)
 Metaspace       used 20989K, capacity 21172K, committed 21296K, reserved 1069056K
  class space    used 2583K, capacity 2654K, committed 2688K, reserved 1048576K
Event: 9.833 GC heap after
Heap after GC invocations=7 (full 0):
 PSYoungGen      total 76288K, used 4835K [0x00000000d5f00000, 0x00000000df400000, 0x0000000100000000)
  eden space 66560K, 0% used [0x00000000d5f00000,0x00000000d5f00000,0x00000000da000000)
  from space 9728K, 49% used [0x00000000da000000,0x00000000da4b8de0,0x00000000da980000)
  to   space 9728K, 0% used [0x00000000dea80000,0x00000000dea80000,0x00000000df400000)
 ParOldGen       total 87552K, used 10806K [0x0000000081c00000, 0x0000000087180000, 0x00000000d5f00000)
  object space 87552K, 12% used [0x0000000081c00000,0x000000008268db40,0x0000000087180000)
 Metaspace       used 20989K, capacity 21172K, committed 21296K, reserved 1069056K
  class space    used 2583K, capacity 2654K, committed 2688K, reserved 1048576K
}
Event: 9.833 GC heap before
{Heap before GC invocations=8 (full 1):
 PSYoungGen      total 76288K, used 4835K [0x00000000d5f00000, 0x00000000df400000, 0x0000000100000000)
  eden space 66560K, 0% used [0x00000000d5f00000,0x00000000d5f00000,0x00000000da000000)
  from space 9728K, 49% used [0x00000000da000000,0x00000000da4b8de0,0x00000000da980000)
  to   space 9728K, 0% used [0x00000000dea80000,0x00000000dea80000,0x00000000df400000)
 ParOldGen       total 87552K, used 10806K [0x0000000081c00000, 0x0000000087180000, 0x00000000d5f00000)
  object space 87552K, 12% used [0x0000000081c00000,0x000000008268db40,0x0000000087180000)
 Metaspace       used 20989K, capacity 21172K, committed 21296K, reserved 1069056K
  class space    used 2583K, capacity 2654K, committed 2688K, reserved 1048576K
Event: 9.912 GC heap after
Heap after GC invocations=8 (full 1):
 PSYoungGen      total 76288K, used 0K [0x00000000d5f00000, 0x00000000df400000, 0x0000000100000000)
  eden space 66560K, 0% used [0x00000000d5f00000,0x00000000d5f00000,0x00000000da000000)
  from space 9728K, 0% used [0x00000000da000000,0x00000000da000000,0x00000000da980000)
  to   space 9728K, 0% used [0x00000000dea80000,0x00000000dea80000,0x00000000df400000)
 ParOldGen       total 55808K, used 10542K [0x0000000081c00000, 0x0000000085280000, 0x00000000d5f00000)
  object space 55808K, 18% used [0x0000000081c00000,0x000000008264bb00,0x0000000085280000)
 Metaspace       used 20989K, capacity 21172K, committed 21296K, reserved 1069056K
  class space    used 2583K, capacity 2654K, committed 2688K, reserved 1048576K
}

