# JRE version: Java(TM) SE Runtime Environment (8.0_144-b01) (build 1.8.0_144-b01)
# Java VM: Java HotSpot(TM) 64-Bit Server VM (25.144-b01 mixed mode windows-amd64 compressed oops)
Heap:
 PSYoungGen      total 143872K, used 30750K [0x00000000d5f00000, 0x00000000e3700000, 0x0000000100000000)
  eden space 133120K, 15% used [0x00000000d5f00000,0x00000000d73c3688,0x00000000de100000)
  from space 10752K, 88% used [0x00000000de100000,0x00000000dea443d8,0x00000000deb80000)
  to   space 11776K, 0% used [0x00000000e2b80000,0x00000000e2b80000,0x00000000e3700000)
 ParOldGen       total 64512K, used 10593K [0x0000000081c00000, 0x0000000085b00000, 0x00000000d5f00000)
  object space 64512K, 16% used [0x0000000081c00000,0x0000000082658430,0x0000000085b00000)
 Metaspace       used 29412K, capacity 29688K, committed 30208K, reserved 1075200K
  class space    used 3647K, capacity 3724K, committed 3840K, reserved 1048576K
GC Heap History (10 events):
Event: 4.051 GC heap before
{Heap before GC invocations=4 (full 0):
 PSYoungGen      total 38400K, used 38387K [0x00000000d5f00000, 0x00000000daa00000, 0x0000000100000000)
  eden space 33280K, 100% used [0x00000000d5f00000,0x00000000d7f80000,0x00000000d7f80000)
  from space 5120K, 99% used [0x00000000d7f80000,0x00000000d847cd30,0x00000000d8480000)
  to   space 5120K, 0% used [0x00000000da500000,0x00000000da500000,0x00000000daa00000)
 ParOldGen       total 87552K, used 3905K [0x0000000081c00000, 0x0000000087180000, 0x00000000d5f00000)
  object space 87552K, 4% used [0x0000000081c00000,0x0000000081fd06f8,0x0000000087180000)
 Metaspace       used 16528K, capacity 16672K, committed 17024K, reserved 1064960K
  class space    used 2039K, capacity 2049K, committed 2176K, reserved 1048576K
Event: 4.064 GC heap after
Heap after GC invocations=4 (full 0):
 PSYoungGen      total 71680K, used 5097K [0x00000000d5f00000, 0x00000000daa00000, 0x0000000100000000)
  eden space 66560K, 0% used [0x00000000d5f00000,0x00000000d5f00000,0x00000000da000000)
  from space 5120K, 99% used [0x00000000da500000,0x00000000da9fa460,0x00000000daa00000)
  to   space 5120K, 0% used [0x00000000da000000,0x00000000da000000,0x00000000da500000)
 ParOldGen       total 87552K, used 6685K [0x0000000081c00000, 0x0000000087180000, 0x00000000d5f00000)
  object space 87552K, 7% used [0x0000000081c00000,0x00000000822875f8,0x0000000087180000)
 Metaspace       used 16528K, capacity 16672K, committed 17024K, reserved 1064960K
  class space    used 2039K, capacity 2049K, committed 2176K, reserved 1048576K
}
Event: 5.035 GC heap before
{Heap before GC invocations=5 (full 0):
 PSYoungGen      total 71680K, used 71657K [0x00000000d5f00000, 0x00000000daa00000, 0x0000000100000000)
  eden space 66560K, 100% used [0x00000000d5f00000,0x00000000da000000,0x00000000da000000)
  from space 5120K, 99% used [0x00000000da500000,0x00000000da9fa460,0x00000000daa00000)
  to   space 5120K, 0% used [0x00000000da000000,0x00000000da000000,0x00000000da500000)
 ParOldGen       total 87552K, used 6685K [0x0000000081c00000, 0x0000000087180000, 0x00000000d5f00000)
  object space 87552K, 7% used [0x0000000081c00000,0x00000000822875f8,0x0000000087180000)
 Metaspace       used 19166K, capacity 19404K, committed 19584K, reserved 1067008K
  class space    used 2349K, capacity 2426K, committed 2432K, reserved 1048576K
Event: 5.094 GC heap after
Heap after GC invocations=5 (full 0):
 PSYoungGen      total 71680K, used 5088K [0x00000000d5f00000, 0x00000000df700000, 0x0000000100000000)
  eden space 66560K, 0% used [0x00000000d5f00000,0x00000000d5f00000,0x00000000da000000)
  from space 5120K, 99% used [0x00000000da000000,0x00000000da4f8030,0x00000000da500000)
  to   space 11264K, 0% used [0x00000000dec00000,0x00000000dec00000,0x00000000df700000)
 ParOldGen       total 87552K, used 10212K [0x0000000081c00000, 0x0000000087180000, 0x00000000d5f00000)
  object space 87552K, 11% used [0x0000000081c00000,0x00000000825f9118,0x0000000087180000)
 Metaspace       used 19166K, capacity 19404K, committed 19584K, reserved 1067008K
  class space    used 2349K, capacity 2426K, committed 2432K, reserved 1048576K
}
Event: 6.368 GC heap before
{Heap before GC invocations=6 (full 0):
 PSYoungGen      total 71680K, used 43566K [0x00000000d5f00000, 0x00000000df700000, 0x0000000100000000)
  eden space 66560K, 57% used [0x00000000d5f00000,0x00000000d8493ad0,0x00000000da000000)
  from space 5120K, 99% used [0x00000000da000000,0x00000000da4f8030,0x00000000da500000)
  to   space 11264K, 0% used [0x00000000dec00000,0x00000000dec00000,0x00000000df700000)
 ParOldGen       total 87552K, used 10212K [0x0000000081c00000, 0x0000000087180000, 0x00000000d5f00000)
  object space 87552K, 11% used [0x0000000081c00000,0x00000000825f9118,0x0000000087180000)
 Metaspace       used 20947K, capacity 21124K, committed 21296K, reserved 1069056K
  class space    used 2579K, capacity 2654K, committed 2688K, reserved 1048576K
Event: 6.423 GC heap after
Heap after GC invocations=6 (full 0):
 PSYoungGen      total 143360K, used 7340K [0x00000000d5f00000, 0x00000000df600000, 0x0000000100000000)
  eden space 133120K, 0% used [0x00000000d5f00000,0x00000000d5f00000,0x00000000de100000)
  from space 10240K, 71% used [0x00000000dec00000,0x00000000df32b190,0x00000000df600000)
  to   space 10752K, 0% used [0x00000000de100000,0x00000000de100000,0x00000000deb80000)
 ParOldGen       total 87552K, used 10220K [0x0000000081c00000, 0x0000000087180000, 0x00000000d5f00000)
  object space 87552K, 11% used [0x0000000081c00000,0x00000000825fb118,0x0000000087180000)
 Metaspace       used 20947K, capacity 21124K, committed 21296K, reserved 1069056K
  class space    used 2579K, capacity 2654K, committed 2688K, reserved 1048576K
}
Event: 6.423 GC heap before
{Heap before GC invocations=7 (full 1):
 PSYoungGen      total 143360K, used 7340K [0x00000000d5f00000, 0x00000000df600000, 0x0000000100000000)
  eden space 133120K, 0% used [0x00000000d5f00000,0x00000000d5f00000,0x00000000de100000)
  from space 10240K, 71% used [0x00000000dec00000,0x00000000df32b190,0x00000000df600000)
  to   space 10752K, 0% used [0x00000000de100000,0x00000000de100000,0x00000000deb80000)
 ParOldGen       total 87552K, used 10220K [0x0000000081c00000, 0x0000000087180000, 0x00000000d5f00000)
  object space 87552K, 11% used [0x0000000081c00000,0x00000000825fb118,0x0000000087180000)
 Metaspace       used 20947K, capacity 21124K, committed 21296K, reserved 1069056K
  class space    used 2579K, capacity 2654K, committed 2688K, reserved 1048576K
Event: 6.582 GC heap after
Heap after GC invocations=7 (full 1):
 PSYoungGen      total 143360K, used 0K [0x00000000d5f00000, 0x00000000df600000, 0x0000000100000000)
  eden space 133120K, 0% used [0x00000000d5f00000,0x00000000d5f00000,0x00000000de100000)
  from space 10240K, 0% used [0x00000000dec00000,0x00000000dec00000,0x00000000df600000)
  to   space 10752K, 0% used [0x00000000de100000,0x00000000de100000,0x00000000deb80000)
 ParOldGen       total 64512K, used 10585K [0x0000000081c00000, 0x0000000085b00000, 0x00000000d5f00000)
  object space 64512K, 16% used [0x0000000081c00000,0x0000000082656430,0x0000000085b00000)
 Metaspace       used 20947K, capacity 21124K, committed 21296K, reserved 1069056K
  class space    used 2579K, capacity 2654K, committed 2688K, reserved 1048576K
}
Event: 12.529 GC heap before
{Heap before GC invocations=8 (full 1):
 PSYoungGen      total 143360K, used 133120K [0x00000000d5f00000, 0x00000000df600000, 0x0000000100000000)
  eden space 133120K, 100% used [0x00000000d5f00000,0x00000000de100000,0x00000000de100000)
  from space 10240K, 0% used [0x00000000dec00000,0x00000000dec00000,0x00000000df600000)
  to   space 10752K, 0% used [0x00000000de100000,0x00000000de100000,0x00000000deb80000)
 ParOldGen       total 64512K, used 10585K [0x0000000081c00000, 0x0000000085b00000, 0x00000000d5f00000)
  object space 64512K, 16% used [0x0000000081c00000,0x0000000082656430,0x0000000085b00000)
 Metaspace       used 28001K, capacity 28312K, committed 28672K, reserved 1075200K
  class space    used 3476K, capacity 3564K, committed 3584K, reserved 1048576K
Event: 12.548 GC heap after
Heap after GC invocations=8 (full 1):
 PSYoungGen      total 143872K, used 9488K [0x00000000d5f00000, 0x00000000e3700000, 0x0000000100000000)
  eden space 133120K, 0% used [0x00000000d5f00000,0x00000000d5f00000,0x00000000de100000)
  from space 10752K, 88% used [0x00000000de100000,0x00000000dea443d8,0x00000000deb80000)
  to   space 11776K, 0% used [0x00000000e2b80000,0x00000000e2b80000,0x00000000e3700000)
 ParOldGen       total 64512K, used 10593K [0x0000000081c00000, 0x0000000085b00000, 0x00000000d5f00000)
  object space 64512K, 16% used [0x0000000081c00000,0x0000000082658430,0x0000000085b00000)
 Metaspace       used 28001K, capacity 28312K, committed 28672K, reserved 1075200K
  class space    used 3476K, capacity 3564K, committed 3584K, reserved 1048576K
}

