# JRE version: Java(TM) SE Runtime Environment (8.0_144-b01) (build 1.8.0_144-b01)
# Java VM: Java HotSpot(TM) 64-Bit Server VM (25.144-b01 mixed mode windows-amd64 compressed oops)
Heap:
 PSYoungGen      total 143360K, used 52894K [0x00000000d5f00000, 0x00000000df600000, 0x0000000100000000)
  eden space 133120K, 39% used [0x00000000d5f00000,0x00000000d92a7980,0x00000000de100000)
  from space 10240K, 0% used [0x00000000dec00000,0x00000000dec00000,0x00000000df600000)
  to   space 10752K, 0% used [0x00000000de100000,0x00000000de100000,0x00000000deb80000)
 ParOldGen       total 64512K, used 10509K [0x0000000081c00000, 0x0000000085b00000, 0x00000000d5f00000)
  object space 64512K, 16% used [0x0000000081c00000,0x00000000826434a8,0x0000000085b00000)
 Metaspace       used 24387K, capacity 24622K, committed 24960K, reserved 1071104K
  class space    used 3038K, capacity 3109K, committed 3200K, reserved 1048576K
GC Heap History (10 events):
Event: 3.659 GC heap before
{Heap before GC invocations=3 (full 0):
 PSYoungGen      total 38400K, used 37877K [0x00000000d5f00000, 0x00000000d8980000, 0x0000000100000000)
  eden space 33280K, 100% used [0x00000000d5f00000,0x00000000d7f80000,0x00000000d7f80000)
  from space 5120K, 89% used [0x00000000d8480000,0x00000000d88fd708,0x00000000d8980000)
  to   space 5120K, 0% used [0x00000000d7f80000,0x00000000d7f80000,0x00000000d8480000)
 ParOldGen       total 87552K, used 16K [0x0000000081c00000, 0x0000000087180000, 0x00000000d5f00000)
  object space 87552K, 0% used [0x0000000081c00000,0x0000000081c04000,0x0000000087180000)
 Metaspace       used 13968K, capacity 14108K, committed 14336K, reserved 1062912K
  class space    used 1735K, capacity 1755K, committed 1792K, reserved 1048576K
Event: 3.675 GC heap after
Heap after GC invocations=3 (full 0):
 PSYoungGen      total 38400K, used 5092K [0x00000000d5f00000, 0x00000000daa00000, 0x0000000100000000)
  eden space 33280K, 0% used [0x00000000d5f00000,0x00000000d5f00000,0x00000000d7f80000)
  from space 5120K, 99% used [0x00000000d7f80000,0x00000000d8479100,0x00000000d8480000)
  to   space 5120K, 0% used [0x00000000da500000,0x00000000da500000,0x00000000daa00000)
 ParOldGen       total 87552K, used 3892K [0x0000000081c00000, 0x0000000087180000, 0x00000000d5f00000)
  object space 87552K, 4% used [0x0000000081c00000,0x0000000081fcd3e8,0x0000000087180000)
 Metaspace       used 13968K, capacity 14108K, committed 14336K, reserved 1062912K
  class space    used 1735K, capacity 1755K, committed 1792K, reserved 1048576K
}
Event: 4.081 GC heap before
{Heap before GC invocations=4 (full 0):
 PSYoungGen      total 38400K, used 38372K [0x00000000d5f00000, 0x00000000daa00000, 0x0000000100000000)
  eden space 33280K, 100% used [0x00000000d5f00000,0x00000000d7f80000,0x00000000d7f80000)
  from space 5120K, 99% used [0x00000000d7f80000,0x00000000d8479100,0x00000000d8480000)
  to   space 5120K, 0% used [0x00000000da500000,0x00000000da500000,0x00000000daa00000)
 ParOldGen       total 87552K, used 3892K [0x0000000081c00000, 0x0000000087180000, 0x00000000d5f00000)
  object space 87552K, 4% used [0x0000000081c00000,0x0000000081fcd3e8,0x0000000087180000)
 Metaspace       used 15404K, capacity 15616K, committed 15872K, reserved 1062912K
  class space    used 1903K, capacity 1953K, committed 2048K, reserved 1048576K
Event: 4.096 GC heap after
Heap after GC invocations=4 (full 0):
 PSYoungGen      total 71680K, used 5117K [0x00000000d5f00000, 0x00000000daa00000, 0x0000000100000000)
  eden space 66560K, 0% used [0x00000000d5f00000,0x00000000d5f00000,0x00000000da000000)
  from space 5120K, 99% used [0x00000000da500000,0x00000000da9ff460,0x00000000daa00000)
  to   space 5120K, 0% used [0x00000000da000000,0x00000000da000000,0x00000000da500000)
 ParOldGen       total 87552K, used 6362K [0x0000000081c00000, 0x0000000087180000, 0x00000000d5f00000)
  object space 87552K, 7% used [0x0000000081c00000,0x0000000082236a80,0x0000000087180000)
 Metaspace       used 15404K, capacity 15616K, committed 15872K, reserved 1062912K
  class space    used 1903K, capacity 1953K, committed 2048K, reserved 1048576K
}
Event: 5.229 GC heap before
{Heap before GC invocations=5 (full 0):
 PSYoungGen      total 71680K, used 71677K [0x00000000d5f00000, 0x00000000daa00000, 0x0000000100000000)
  eden space 66560K, 100% used [0x00000000d5f00000,0x00000000da000000,0x00000000da000000)
  from space 5120K, 99% used [0x00000000da500000,0x00000000da9ff460,0x00000000daa00000)
  to   space 5120K, 0% used [0x00000000da000000,0x00000000da000000,0x00000000da500000)
 ParOldGen       total 87552K, used 6362K [0x0000000081c00000, 0x0000000087180000, 0x00000000d5f00000)
  object space 87552K, 7% used [0x0000000081c00000,0x0000000082236a80,0x0000000087180000)
 Metaspace       used 19181K, capacity 19404K, committed 19584K, reserved 1067008K
  class space    used 2346K, capacity 2426K, committed 2432K, reserved 1048576K
Event: 5.242 GC heap after
Heap after GC invocations=5 (full 0):
 PSYoungGen      total 71680K, used 5096K [0x00000000d5f00000, 0x00000000df700000, 0x0000000100000000)
  eden space 66560K, 0% used [0x00000000d5f00000,0x00000000d5f00000,0x00000000da000000)
  from space 5120K, 99% used [0x00000000da000000,0x00000000da4fa040,0x00000000da500000)
  to   space 11264K, 0% used [0x00000000dec00000,0x00000000dec00000,0x00000000df700000)
 ParOldGen       total 87552K, used 10107K [0x0000000081c00000, 0x0000000087180000, 0x00000000d5f00000)
  object space 87552K, 11% used [0x0000000081c00000,0x00000000825ded50,0x0000000087180000)
 Metaspace       used 19181K, capacity 19404K, committed 19584K, reserved 1067008K
  class space    used 2346K, capacity 2426K, committed 2432K, reserved 1048576K
}
Event: 6.363 GC heap before
{Heap before GC invocations=6 (full 0):
 PSYoungGen      total 71680K, used 43034K [0x00000000d5f00000, 0x00000000df700000, 0x0000000100000000)
  eden space 66560K, 56% used [0x00000000d5f00000,0x00000000d840c920,0x00000000da000000)
  from space 5120K, 99% used [0x00000000da000000,0x00000000da4fa040,0x00000000da500000)
  to   space 11264K, 0% used [0x00000000dec00000,0x00000000dec00000,0x00000000df700000)
 ParOldGen       total 87552K, used 10107K [0x0000000081c00000, 0x0000000087180000, 0x00000000d5f00000)
  object space 87552K, 11% used [0x0000000081c00000,0x00000000825ded50,0x0000000087180000)
 Metaspace       used 20967K, capacity 21188K, committed 21296K, reserved 1069056K
  class space    used 2576K, capacity 2654K, committed 2688K, reserved 1048576K
Event: 6.379 GC heap after
Heap after GC invocations=6 (full 0):
 PSYoungGen      total 143360K, used 6391K [0x00000000d5f00000, 0x00000000df600000, 0x0000000100000000)
  eden space 133120K, 0% used [0x00000000d5f00000,0x00000000d5f00000,0x00000000de100000)
  from space 10240K, 62% used [0x00000000dec00000,0x00000000df23de88,0x00000000df600000)
  to   space 10752K, 0% used [0x00000000de100000,0x00000000de100000,0x00000000deb80000)
 ParOldGen       total 87552K, used 10115K [0x0000000081c00000, 0x0000000087180000, 0x00000000d5f00000)
  object space 87552K, 11% used [0x0000000081c00000,0x00000000825e0d50,0x0000000087180000)
 Metaspace       used 20967K, capacity 21188K, committed 21296K, reserved 1069056K
  class space    used 2576K, capacity 2654K, committed 2688K, reserved 1048576K
}
Event: 6.380 GC heap before
{Heap before GC invocations=7 (full 1):
 PSYoungGen      total 143360K, used 6391K [0x00000000d5f00000, 0x00000000df600000, 0x0000000100000000)
  eden space 133120K, 0% used [0x00000000d5f00000,0x00000000d5f00000,0x00000000de100000)
  from space 10240K, 62% used [0x00000000dec00000,0x00000000df23de88,0x00000000df600000)
  to   space 10752K, 0% used [0x00000000de100000,0x00000000de100000,0x00000000deb80000)
 ParOldGen       total 87552K, used 10115K [0x0000000081c00000, 0x0000000087180000, 0x00000000d5f00000)
  object space 87552K, 11% used [0x0000000081c00000,0x00000000825e0d50,0x0000000087180000)
 Metaspace       used 20967K, capacity 21188K, committed 21296K, reserved 1069056K
  class space    used 2576K, capacity 2654K, committed 2688K, reserved 1048576K
Event: 6.470 GC heap after
Heap after GC invocations=7 (full 1):
 PSYoungGen      total 143360K, used 0K [0x00000000d5f00000, 0x00000000df600000, 0x0000000100000000)
  eden space 133120K, 0% used [0x00000000d5f00000,0x00000000d5f00000,0x00000000de100000)
  from space 10240K, 0% used [0x00000000dec00000,0x00000000dec00000,0x00000000df600000)
  to   space 10752K, 0% used [0x00000000de100000,0x00000000de100000,0x00000000deb80000)
 ParOldGen       total 64512K, used 10509K [0x0000000081c00000, 0x0000000085b00000, 0x00000000d5f00000)
  object space 64512K, 16% used [0x0000000081c00000,0x00000000826434a8,0x0000000085b00000)
 Metaspace       used 20967K, capacity 21188K, committed 21296K, reserved 1069056K
  class space    used 2576K, capacity 2654K, committed 2688K, reserved 1048576K
}

